Traceback (most recent call last):
  File "/opt/hostedtoolcache/Python/3.7.15/x64/lib/python3.7/site-packages/jupyter_cache/executors/utils.py", line 56, in single_nb_execution
    record_timing=False,
  File "/opt/hostedtoolcache/Python/3.7.15/x64/lib/python3.7/site-packages/nbclient/client.py", line 1204, in execute
    return NotebookClient(nb=nb, resources=resources, km=km, **kwargs).execute()
  File "/opt/hostedtoolcache/Python/3.7.15/x64/lib/python3.7/site-packages/nbclient/util.py", line 84, in wrapped
    return just_run(coro(*args, **kwargs))
  File "/opt/hostedtoolcache/Python/3.7.15/x64/lib/python3.7/site-packages/nbclient/util.py", line 62, in just_run
    return loop.run_until_complete(coro)
  File "/opt/hostedtoolcache/Python/3.7.15/x64/lib/python3.7/asyncio/base_events.py", line 587, in run_until_complete
    return future.result()
  File "/opt/hostedtoolcache/Python/3.7.15/x64/lib/python3.7/site-packages/nbclient/client.py", line 664, in async_execute
    cell, index, execution_count=self.code_cells_executed + 1
  File "/opt/hostedtoolcache/Python/3.7.15/x64/lib/python3.7/site-packages/nbclient/client.py", line 965, in async_execute_cell
    await self._check_raise_for_error(cell, cell_index, exec_reply)
  File "/opt/hostedtoolcache/Python/3.7.15/x64/lib/python3.7/site-packages/nbclient/client.py", line 862, in _check_raise_for_error
    raise CellExecutionError.from_cell_and_msg(cell, exec_reply_content)
nbclient.exceptions.CellExecutionError: An error occurred while executing the following cell:
------------------
data_root = root + 'data/heat_transfer/ht3d_solid/rundir'
sim = fdsreader.Simulation(data_root)
slice_axial = sim.slices[0]
slice_steel = sim.slices[1]
slice_copper = sim.slices[2]
slice_concrete = sim.slices[3]

time = 3600
time_index = slice_steel.get_nearest_timestep(time)
vmin = 20
vmax = 800

fig, (ax1, ax2, ax3) = plt.subplots(1,3, figsize=(8,6), sharey=True)
heatmap = ax1.imshow(slice_steel[0].data[time_index].T, origin='lower', cmap='jet',vmin=vmin, vmax=vmax)
ax2.imshow(slice_copper[0].data[time_index].T, origin='lower', cmap='jet',vmin=vmin, vmax=vmax)
ax3.imshow(slice_concrete[0].data[time_index].T, origin='lower', cmap='jet',vmin=vmin, vmax=vmax)
ax1.set_title("Steel")
ax2.set_title("Copper")
ax3.set_title("Concrete")
fig.subplots_adjust(right=0.81)
cbar_ax = fig.add_axes([0.85, 0.17, 0.03, 0.67])
fig.colorbar(heatmap, cax=cbar_ax, label="Temperature / $^\circ C$")
ax1.set_xlabel("$n_{cells}~X$")
ax2.set_xlabel("$n_{cells}~X$")
ax3.set_xlabel("$n_{cells}~X$")
ax1.set_ylabel("$n_{cells}~Z$")
plt.savefig('figs/beam_temperatures_section_solid.svg', bbox_inches='tight')
plt.close()

fig, (ax1, ax2, ax3) = plt.subplots(3,1, figsize=(10,10), sharex=True)
time_index = slice_axial.get_nearest_timestep(100)
ax1.imshow(slice_axial[0].data[time_index].T, origin='lower', cmap='jet',vmin=vmin, vmax=vmax)
time_index = slice_axial.get_nearest_timestep(1000)
ax2.imshow(slice_axial[0].data[time_index].T, origin='lower', cmap='jet',vmin=vmin, vmax=vmax)
time_index = slice_axial.get_nearest_timestep(3600)
ax3.imshow(slice_axial[0].data[time_index].T, origin='lower', cmap='jet',vmin=vmin, vmax=vmax)
ax1.set_title("T = 100 s")
ax2.set_title("T = 1000 s")
ax3.set_title("T = 3600 s")
ax1.set_ylabel("$n_{cells}~Z$")
ax2.set_ylabel("$n_{cells}~Z$")
ax3.set_ylabel("$n_{cells}~Z$")
ax3.set_xlabel("$n_{cells}~X$")
ax1.text(10, 5, "Steel", ha='center', color='white')
ax1.text(30, 5, "Copper", ha='center', color='white')
ax1.text(50, 5, "Concrete", ha='center', color='white')
ax2.text(10, 5, "Steel", ha='center', color='white')
ax2.text(30, 5, "Copper", ha='center', color='white')
ax2.text(50, 5, "Concrete", ha='center', color='white')
ax3.text(10, 5, "Steel", ha='center', color='white')
ax3.text(30, 5, "Copper", ha='center', color='white')
ax3.text(50, 5, "Concrete", ha='center', color='white')
fig.subplots_adjust(right=0.81)
cbar_ax = fig.add_axes([0.76, 0.13, 0.02, 0.75])
fig.colorbar(heatmap, cax=cbar_ax, label="Temperature / $^\circ C$")
plt.savefig('figs/beam_temperatures_axial_solid.svg', bbox_inches='tight')
plt.close()

------------------

[0;31m---------------------------------------------------------------------------[0m
[0;31mOSError[0m                                   Traceback (most recent call last)
[0;32m/tmp/ipykernel_2138/3544137628.py[0m in [0;36m<module>[0;34m[0m
[1;32m      1[0m [0mdata_root[0m [0;34m=[0m [0mroot[0m [0;34m+[0m [0;34m'data/heat_transfer/ht3d_solid/rundir'[0m[0;34m[0m[0;34m[0m[0m
[0;32m----> 2[0;31m [0msim[0m [0;34m=[0m [0mfdsreader[0m[0;34m.[0m[0mSimulation[0m[0;34m([0m[0mdata_root[0m[0;34m)[0m[0;34m[0m[0;34m[0m[0m
[0m[1;32m      3[0m [0mslice_axial[0m [0;34m=[0m [0msim[0m[0;34m.[0m[0mslices[0m[0;34m[[0m[0;36m0[0m[0;34m][0m[0;34m[0m[0;34m[0m[0m
[1;32m      4[0m [0mslice_steel[0m [0;34m=[0m [0msim[0m[0;34m.[0m[0mslices[0m[0;34m[[0m[0;36m1[0m[0;34m][0m[0;34m[0m[0;34m[0m[0m
[1;32m      5[0m [0mslice_copper[0m [0;34m=[0m [0msim[0m[0;34m.[0m[0mslices[0m[0;34m[[0m[0;36m2[0m[0;34m][0m[0;34m[0m[0;34m[0m[0m

[0;32m/opt/hostedtoolcache/Python/3.7.15/x64/lib/python3.7/site-packages/fdsreader/simulation.py[0m in [0;36m__new__[0;34m(cls, path)[0m
[1;32m     58[0m [0;34m[0m[0m
[1;32m     59[0m     [0;32mdef[0m [0m__new__[0m[0;34m([0m[0mcls[0m[0;34m,[0m [0mpath[0m[0;34m:[0m [0mstr[0m[0;34m)[0m[0;34m:[0m[0;34m[0m[0;34m[0m[0m
[0;32m---> 60[0;31m         [0msmv_file_path[0m [0;34m=[0m [0mget_smv_file[0m[0;34m([0m[0mpath[0m[0;34m)[0m[0;34m[0m[0;34m[0m[0m
[0m[1;32m     61[0m         [0mroot_path[0m [0;34m=[0m [0mos[0m[0;34m.[0m[0mpath[0m[0;34m.[0m[0mdirname[0m[0;34m([0m[0msmv_file_path[0m[0;34m)[0m[0;34m[0m[0;34m[0m[0m
[1;32m     62[0m [0;34m[0m[0m

[0;32m/opt/hostedtoolcache/Python/3.7.15/x64/lib/python3.7/site-packages/fdsreader/utils/data.py[0m in [0;36mget_smv_file[0;34m(path)[0m
[1;32m     95[0m         [0;32mreturn[0m [0mpath[0m [0;34m+[0m [0;34m".smv"[0m[0;34m[0m[0;34m[0m[0m
[1;32m     96[0m     [0;32melse[0m[0;34m:[0m[0;34m[0m[0;34m[0m[0m
[0;32m---> 97[0;31m         [0;32mraise[0m [0mIOError[0m[0;34m([0m[0;34m"The given path does neither point to a directory nor a file: "[0m [0;34m+[0m [0mpath[0m[0;34m)[0m[0;34m[0m[0;34m[0m[0m
[0m[1;32m     98[0m [0;34m[0m[0m
[1;32m     99[0m [0;34m[0m[0m

[0;31mOSError[0m: The given path does neither point to a directory nor a file: ../../../../data/heat_transfer/ht3d_solid/rundir
OSError: The given path does neither point to a directory nor a file: ../../../../data/heat_transfer/ht3d_solid/rundir

