Traceback (most recent call last):
  File "/opt/hostedtoolcache/Python/3.10.11/x64/lib/python3.10/site-packages/jupyter_cache/executors/utils.py", line 58, in single_nb_execution
    executenb(
  File "/opt/hostedtoolcache/Python/3.10.11/x64/lib/python3.10/site-packages/nbclient/client.py", line 1305, in execute
    return NotebookClient(nb=nb, resources=resources, km=km, **kwargs).execute()
  File "/opt/hostedtoolcache/Python/3.10.11/x64/lib/python3.10/site-packages/jupyter_core/utils/__init__.py", line 166, in wrapped
    return loop.run_until_complete(inner)
  File "/opt/hostedtoolcache/Python/3.10.11/x64/lib/python3.10/asyncio/base_events.py", line 649, in run_until_complete
    return future.result()
  File "/opt/hostedtoolcache/Python/3.10.11/x64/lib/python3.10/site-packages/nbclient/client.py", line 705, in async_execute
    await self.async_execute_cell(
  File "/opt/hostedtoolcache/Python/3.10.11/x64/lib/python3.10/site-packages/nbclient/client.py", line 1058, in async_execute_cell
    await self._check_raise_for_error(cell, cell_index, exec_reply)
  File "/opt/hostedtoolcache/Python/3.10.11/x64/lib/python3.10/site-packages/nbclient/client.py", line 914, in _check_raise_for_error
    raise CellExecutionError.from_cell_and_msg(cell, exec_reply_content)
nbclient.exceptions.CellExecutionError: An error occurred while executing the following cell:
------------------
# Sort the DEVC data series.
headers_temp = list()
headers_tc = list()

# Get DEVC info, for convenience.
devcs = plume_sims["McCaffrey"]["Sim"]["C5"]["14kW"].devices

# Go over all DEVC and get their ID.
for devc in devcs:
    if "Temp_" in devc.id:
        headers_temp.append(devc.id)
    elif "TC_" in devc.id:
        headers_tc.append(devc.id)
------------------


[0;31m---------------------------------------------------------------------------[0m
[0;31mAttributeError[0m                            Traceback (most recent call last)
Cell [0;32mIn[13], line 6[0m
[1;32m      3[0m headers_tc [38;5;241m=[39m [38;5;28mlist[39m()
[1;32m      5[0m [38;5;66;03m# Get DEVC info, for convenience.[39;00m
[0;32m----> 6[0m devcs [38;5;241m=[39m [43mplume_sims[49m[43m[[49m[38;5;124;43m"[39;49m[38;5;124;43mMcCaffrey[39;49m[38;5;124;43m"[39;49m[43m][49m[43m[[49m[38;5;124;43m"[39;49m[38;5;124;43mSim[39;49m[38;5;124;43m"[39;49m[43m][49m[43m[[49m[38;5;124;43m"[39;49m[38;5;124;43mC5[39;49m[38;5;124;43m"[39;49m[43m][49m[43m[[49m[38;5;124;43m"[39;49m[38;5;124;43m14kW[39;49m[38;5;124;43m"[39;49m[43m][49m[38;5;241;43m.[39;49m[43mdevices[49m
[1;32m      8[0m [38;5;66;03m# Go over all DEVC and get their ID.[39;00m
[1;32m      9[0m [38;5;28;01mfor[39;00m devc [38;5;129;01min[39;00m devcs:

[0;31mAttributeError[0m: 'NoneType' object has no attribute 'devices'

