Traceback (most recent call last):
  File "/opt/hostedtoolcache/Python/3.10.11/x64/lib/python3.10/site-packages/jupyter_cache/executors/utils.py", line 58, in single_nb_execution
    executenb(
  File "/opt/hostedtoolcache/Python/3.10.11/x64/lib/python3.10/site-packages/nbclient/client.py", line 1204, in execute
    return NotebookClient(nb=nb, resources=resources, km=km, **kwargs).execute()
  File "/opt/hostedtoolcache/Python/3.10.11/x64/lib/python3.10/site-packages/nbclient/util.py", line 84, in wrapped
    return just_run(coro(*args, **kwargs))
  File "/opt/hostedtoolcache/Python/3.10.11/x64/lib/python3.10/site-packages/nbclient/util.py", line 62, in just_run
    return loop.run_until_complete(coro)
  File "/opt/hostedtoolcache/Python/3.10.11/x64/lib/python3.10/asyncio/base_events.py", line 649, in run_until_complete
    return future.result()
  File "/opt/hostedtoolcache/Python/3.10.11/x64/lib/python3.10/site-packages/nbclient/client.py", line 663, in async_execute
    await self.async_execute_cell(
  File "/opt/hostedtoolcache/Python/3.10.11/x64/lib/python3.10/site-packages/nbclient/client.py", line 965, in async_execute_cell
    await self._check_raise_for_error(cell, cell_index, exec_reply)
  File "/opt/hostedtoolcache/Python/3.10.11/x64/lib/python3.10/site-packages/nbclient/client.py", line 862, in _check_raise_for_error
    raise CellExecutionError.from_cell_and_msg(cell, exec_reply_content)
nbclient.exceptions.CellExecutionError: An error occurred while executing the following cell:
------------------
data_root = root + 'data/heat_transfer/HeatTransfer_0'
sim = fdsreader.Simulation(data_root)

def get_bndf_face(quantity, obstruction=0, orientation=-2):
    obst = sim.obstructions[0]
    patches = list()
    for sub_obst in obst.filter_by_orientation(orientation):
        # Get boundary data for a specific quantity
        sub_obst_data = sub_obst.get_data(quantity)
        patches.append(sub_obst_data.data[orientation])

        # Combine patches to a single face for plotting
        patches = sort_patches_cartesian(patches)

        shape_dim1 = sum([patch_row[0].shape[0] for patch_row in patches])
        shape_dim2 = sum([patch.shape[1] for patch in patches[0]])
        n_t = patches[0][0].n_t  # Number of timesteps

        face = np.empty(shape=(n_t, shape_dim1, shape_dim2))
        dim1_pos = 0
        dim2_pos = 0
        for patch_row in patches:
            d1 = patch_row[0].shape[0]
            for patch in patch_row:
                d2 = patch.shape[1]
                face[:, dim1_pos:dim1_pos + d1,
                dim2_pos:dim2_pos + d2] = patch.data
                dim2_pos += d2
            dim1_pos += d1
            dim2_pos = 0
    return face

total_hf = get_bndf_face('TOTAL HEAT FLUX')
convective_hf = get_bndf_face('CONVECTIVE HEAT FLUX')
radiative_hf = get_bndf_face('RADIATIVE HEAT FLUX')
gauge_hf = get_bndf_face('GAUGE HEAT FLUX')
incident_hf = get_bndf_face('INCIDENT HEAT FLUX')
vmin = 0
vmax = 80
fig, (ax1, ax2, ax3, ax4, ax5) = plt.subplots(1,5,figsize=(15,30), sharey=True)
heatmap = ax1.imshow(total_hf[500].T, vmin=vmin, vmax=vmax, origin="lower", cmap="jet")
ax2.imshow(convective_hf[500].T, vmin=vmin, vmax=vmax, origin="lower", cmap="jet")
ax3.imshow(radiative_hf[500].T, vmin=vmin, vmax=vmax, origin="lower", cmap="jet")
ax4.imshow(incident_hf[500].T, vmin=vmin, vmax=vmax, origin="lower", cmap="jet")
ax5.imshow(gauge_hf[500].T, vmin=vmin, vmax=vmax, origin="lower", cmap="jet")
ax1.set_title("TOTAL HEAT FLUX")
ax2.set_title("CONVECTIVE HEAT FLUX")
ax3.set_title("RADIATIVE HEAT FLUX")
ax4.set_title("GAUGE HEAT FLUX")
ax5.set_title("INCIDENT HEAT FLUX")
ax1.set_xlabel("$n_{cells}~X$")
ax2.set_xlabel("$n_{cells}~X$")
ax3.set_xlabel("$n_{cells}~X$")
ax4.set_xlabel("$n_{cells}~X$")
ax5.set_xlabel("$n_{cells}~X$")
ax1.set_ylabel("$n_{cells}~Y$")

fig.subplots_adjust(right=0.83)
cbar_ax = fig.add_axes([0.85, 0.41, 0.02, 0.185])
cbar_ax.set_title('$kW / m^2$')
fig.colorbar(heatmap, cax=cbar_ax)
# ax5.colorbar(label="Temperature / $\sf ^\circ C$")
# plt.xlabel("$\sf N_{cells,x}$ / -")
# plt.ylabel("$\sf N_{cells,y}$ / -")
fig.savefig('figs/heatflux_bndf.svg', bbox_inches='tight')
plt.close()
------------------

[0;31m---------------------------------------------------------------------------[0m
[0;31mOSError[0m                                   Traceback (most recent call last)
Cell [0;32mIn[2], line 2[0m
[1;32m      1[0m data_root [38;5;241m=[39m root [38;5;241m+[39m [38;5;124m'[39m[38;5;124mdata/heat_transfer/HeatTransfer_0[39m[38;5;124m'[39m
[0;32m----> 2[0m sim [38;5;241m=[39m [43mfdsreader[49m[38;5;241;43m.[39;49m[43mSimulation[49m[43m([49m[43mdata_root[49m[43m)[49m
[1;32m      4[0m [38;5;28;01mdef[39;00m [38;5;21mget_bndf_face[39m(quantity, obstruction[38;5;241m=[39m[38;5;241m0[39m, orientation[38;5;241m=[39m[38;5;241m-[39m[38;5;241m2[39m):
[1;32m      5[0m     obst [38;5;241m=[39m sim[38;5;241m.[39mobstructions[[38;5;241m0[39m]

File [0;32m/opt/hostedtoolcache/Python/3.10.11/x64/lib/python3.10/site-packages/fdsreader/simulation.py:60[0m, in [0;36mSimulation.__new__[0;34m(cls, path)[0m
[1;32m     59[0m [38;5;28;01mdef[39;00m [38;5;21m__new__[39m([38;5;28mcls[39m, path: [38;5;28mstr[39m):
[0;32m---> 60[0m     smv_file_path [38;5;241m=[39m [43mget_smv_file[49m[43m([49m[43mpath[49m[43m)[49m
[1;32m     61[0m     root_path [38;5;241m=[39m os[38;5;241m.[39mpath[38;5;241m.[39mdirname(smv_file_path)
[1;32m     63[0m     [38;5;28;01mwith[39;00m [38;5;28mopen[39m(smv_file_path, [38;5;124m'[39m[38;5;124mr[39m[38;5;124m'[39m) [38;5;28;01mas[39;00m infile:

File [0;32m/opt/hostedtoolcache/Python/3.10.11/x64/lib/python3.10/site-packages/fdsreader/utils/data.py:92[0m, in [0;36mget_smv_file[0;34m(path)[0m
[1;32m     90[0m         [38;5;28;01mraise[39;00m [38;5;167;01mIOError[39;00m([38;5;124m"[39m[38;5;124mThere are multiple simulations in the directory: [39m[38;5;124m"[39m [38;5;241m+[39m path)
[1;32m     91[0m     [38;5;28;01melif[39;00m [38;5;28mlen[39m(files) [38;5;241m==[39m [38;5;241m0[39m:
[0;32m---> 92[0m         [38;5;28;01mraise[39;00m [38;5;167;01mIOError[39;00m([38;5;124m"[39m[38;5;124mNo simulations were found in the directory: [39m[38;5;124m"[39m [38;5;241m+[39m path)
[1;32m     93[0m     [38;5;28;01mreturn[39;00m files[[38;5;241m0[39m]
[1;32m     94[0m [38;5;28;01melif[39;00m os[38;5;241m.[39mpath[38;5;241m.[39misfile(path [38;5;241m+[39m [38;5;124m"[39m[38;5;124m.smv[39m[38;5;124m"[39m):

[0;31mOSError[0m: No simulations were found in the directory: ../../../../data/heat_transfer/HeatTransfer_0
OSError: No simulations were found in the directory: ../../../../data/heat_transfer/HeatTransfer_0

